# JRE version: 7.0_11-b21
# Java VM: Java HotSpot(TM) Client VM (23.6-b04 mixed mode windows-x86 )
Heap
 def new generation   total 4928K, used 1706K [0x02b00000, 0x03050000, 0x08050000)
  eden space 4416K,  27% used [0x02b00000, 0x02c2a858, 0x02f50000)
  from space 512K, 100% used [0x02f50000, 0x02fd0000, 0x02fd0000)
  to   space 512K,   0% used [0x02fd0000, 0x02fd0000, 0x03050000)
 tenured generation   total 10944K, used 1979K [0x08050000, 0x08b00000, 0x12b00000)
   the space 10944K,  18% used [0x08050000, 0x0823ed70, 0x0823ee00, 0x08b00000)
 compacting perm gen  total 12288K, used 5847K [0x12b00000, 0x13700000, 0x16b00000)
   the space 12288K,  47% used [0x12b00000, 0x130b5f60, 0x130b6000, 0x13700000)
GC Heap History (4 events):
Event: 0.342 GC heap before
{Heap before GC invocations=0 (full 0):
 def new generation   total 4928K, used 4416K [0x02b00000, 0x03050000, 0x08050000)
  eden space 4416K, 100% used [0x02b00000, 0x02f50000, 0x02f50000)
  from space 512K,   0% used [0x02f50000, 0x02f50000, 0x02fd0000)
  to   space 512K,   0% used [0x02fd0000, 0x02fd0000, 0x03050000)
 tenured generation   total 10944K, used 0K [0x08050000, 0x08b00000, 0x12b00000)
   the space 10944K,   0% used [0x08050000, 0x08050000, 0x08050200, 0x08b00000)
 compacting perm gen  total 12288K, used 4334K [0x12b00000, 0x13700000, 0x16b00000)
   the space 12288K,  35% used [0x12b00000, 0x12f3b8c8, 0x12f3ba00, 0x13700000)
No shared spaces configured.
Event: 0.346 GC heap after
Heap after GC invocations=1 (full 0):
 def new generation   total 4928K, used 512K [0x02b00000, 0x03050000, 0x08050000)
  eden space 4416K,   0% used [0x02b00000, 0x02b00000, 0x02f50000)
  from space 512K, 100% used [0x02fd0000, 0x03050000, 0x03050000)
  to   space 512K,   0% used [0x02f50000, 0x02f50000, 0x02fd0000)
 tenured generation   total 10944K, used 802K [0x08050000, 0x08b00000, 0x12b00000)
   the space 10944K,   7% used [0x08050000, 0x08118a08, 0x08118c00, 0x08b00000)
 compacting perm gen  total 12288K, used 4334K [0x12b00000, 0x13700000, 0x16b00000)
   the space 12288K,  35% used [0x12b00000, 0x12f3b8c8, 0x12f3ba00, 0x13700000)
No shared spaces configured.
}
Event: 0.540 GC heap before
{Heap before GC invocations=1 (full 0):
 def new generation   total 4928K, used 4928K [0x02b00000, 0x03050000, 0x08050000)
  eden space 4416K, 100% used [0x02b00000, 0x02f50000, 0x02f50000)
  from space 512K, 100% used [0x02fd0000, 0x03050000, 0x03050000)
  to   space 512K,   0% used [0x02f50000, 0x02f50000, 0x02fd0000)
 tenured generation   total 10944K, used 802K [0x08050000, 0x08b00000, 0x12b00000)
   the space 10944K,   7% used [0x08050000, 0x08118a08, 0x08118c00, 0x08b00000)
 compacting perm gen  total 12288K, used 5551K [0x12b00000, 0x13700000, 0x16b00000)
   the space 12288K,  45% used [0x12b00000, 0x1306bea8, 0x1306c000, 0x13700000)
No shared spaces configured.
Event: 0.546 GC heap after
Heap after GC invocations=2 (full 0):
 def new generation   total 4928K, used 512K [0x02b00000, 0x03050000, 0x08050000)
  eden space 4416K,   0% used [0x02b00000, 0x02b00000, 0x02f50000)
  from space 512K, 100% used [0x02f50000, 0x02fd0000, 0x02fd0000)
  to   space 512K,   0% used [0x02fd0000, 0x02fd0000, 0x03050000)
 tenured generation   total 10944K, used 1979K [0x08050000, 0x08b00000, 0x12b00000)
   the space 10944K,  18% used [0x08050000, 0x0823ed70, 0x0823ee00, 0x08b00000)
 compacting perm gen  total 12288K, used 5551K [0x12b00000, 0x13700000, 0x16b00000)
   the space 12288K,  45% used [0x12b00000, 0x1306bea8, 0x1306c000, 0x13700000)
No shared spaces configured.
}

